2026-02-17 00:01:20,544 [INFO] McuFinderGlobals:63 - Set McuFinder mode to 2 (CubeIDE integrated)
2026-02-17 00:01:20,634 [INFO] MainUpdater:2873 - connection check result : 10
2026-02-17 00:01:20,643 [INFO] MainUpdater:2873 - connection check result : 10
2026-02-17 00:01:21,042 [INFO] MicroXplorer:468 - Change Database Path : 
2026-02-17 00:01:21,042 [INFO] MicroXplorer:498 - Change Database Version : DB.6.0.110
2026-02-17 00:01:21,079 [WARN] ThirdParty:871 - waiting for thirdparty lock release [close project]
2026-02-17 00:01:21,080 [INFO] ThirdParty:873 - entering critical section [close project]
2026-02-17 00:01:21,081 [INFO] ThirdParty:883 - exiting critical section [close project]
2026-02-17 00:01:21,084 [INFO] PinOutPanel:1561 - setPackage(No Configuration,No Configuration)
2026-02-17 00:01:21,089 [INFO] UtilMem:75 - Begin LoadConfig() Used Memory: 726342896 Bytes (1073741824)
2026-02-17 00:01:21,091 [INFO] MicroXplorer:468 - Change Database Path : 
2026-02-17 00:01:21,091 [INFO] MicroXplorer:498 - Change Database Version : DB.6.0.110
2026-02-17 00:01:21,091 [INFO] OpenFileManager:312 - Change cursor
2026-02-17 00:01:21,267 [INFO] Mcu:2021 - Initializing MCU STM32H755ZITx STM32H755ZITx STM32H755ZIT6
2026-02-17 00:01:26,547 [INFO] Context:663 - Trying to add GPIOservice into a context  which must be forbidden
2026-02-17 00:01:26,547 [INFO] Context:663 - Trying to add GPIOservice into a context  which must be forbidden
2026-02-17 00:01:28,412 [INFO] ApiDbMcu:508 - Load IP Config File for NUCLEO-H755ZI-Q
2026-02-17 00:01:28,515 [INFO] Context:663 - Trying to add GPIOservice into a context  which must be forbidden
2026-02-17 00:01:28,516 [INFO] Context:663 - Trying to add GPIOservice into a context  which must be forbidden
2026-02-17 00:01:28,528 [INFO] ImportTextPane:194 - (OptionalMessage_ERROR) Unable to find key (Mcu.IP12) in loaded IOC file
2026-02-17 00:01:28,529 [INFO] ImportTextPane:194 - (OptionalMessage_ERROR) Unknown IP (dummy)
2026-02-17 00:01:28,791 [INFO] RtosManager:555 - Registered RTOS mode: class=CMSIS, group=RTOS, mode=CMSIS_V1, owner=FREERTOS_M7
2026-02-17 00:01:28,792 [INFO] RtosManager:555 - Registered RTOS mode: class=CMSIS, group=RTOS2, mode=CMSIS_V2, owner=FREERTOS_M7
2026-02-17 00:01:28,792 [INFO] RtosManager:555 - Registered RTOS mode: class=RTOS, group=Core, mode=CMSIS_V1, owner=FREERTOS_M7
2026-02-17 00:01:28,792 [INFO] RtosManager:555 - Registered RTOS mode: class=RTOS, group=Core, mode=CMSIS_V2, owner=FREERTOS_M7
2026-02-17 00:01:28,792 [WARN] ModelIntegratedComponent:184 - Missing modes for component STMicroelectronics:FreeRTOS:0.0.1:STMicroelectronics:RTOS:FreeRTOS:Core:::10.2.0:
2026-02-17 00:01:28,801 [WARN] ModelIntegratedComponent:63 - No mode defined for component null
2026-02-17 00:01:28,802 [WARN] ModelIntegratedComponent:63 - No mode defined for component null
2026-02-17 00:01:28,802 [WARN] ModelIntegratedComponent:63 - No mode defined for component null
2026-02-17 00:01:28,802 [WARN] ModelIntegratedComponent:63 - No mode defined for component null
2026-02-17 00:01:28,802 [WARN] ModelIntegratedComponent:63 - No mode defined for component null
2026-02-17 00:01:28,802 [WARN] ModelIntegratedComponent:63 - No mode defined for component null
2026-02-17 00:01:28,802 [WARN] ModelIntegratedComponent:63 - No mode defined for component null
2026-02-17 00:01:28,802 [WARN] ModelIntegratedComponent:63 - No mode defined for component null
2026-02-17 00:01:28,802 [WARN] ModelIntegratedComponent:63 - No mode defined for component null
2026-02-17 00:01:28,802 [WARN] ModelIntegratedComponent:63 - No mode defined for component null
2026-02-17 00:01:28,802 [WARN] ModelIntegratedComponent:63 - No mode defined for component null
2026-02-17 00:01:28,802 [WARN] ModelIntegratedComponent:63 - No mode defined for component null
2026-02-17 00:01:28,802 [WARN] ModelIntegratedComponent:63 - No mode defined for component null
2026-02-17 00:01:28,802 [WARN] ModelIntegratedComponent:63 - No mode defined for component null
2026-02-17 00:01:28,802 [WARN] ModelIntegratedComponent:63 - No mode defined for component null
2026-02-17 00:01:28,802 [WARN] ModelIntegratedComponent:63 - No mode defined for component null
2026-02-17 00:01:28,802 [WARN] ModelIntegratedComponent:63 - No mode defined for component null
2026-02-17 00:01:28,802 [WARN] ModelIntegratedComponent:63 - No mode defined for component null
2026-02-17 00:01:28,802 [WARN] ModelIntegratedComponent:63 - No mode defined for component null
2026-02-17 00:01:28,802 [WARN] ModelIntegratedComponent:63 - No mode defined for component null
2026-02-17 00:01:28,802 [WARN] ModelIntegratedComponent:63 - No mode defined for component null
2026-02-17 00:01:28,802 [WARN] ModelIntegratedComponent:63 - No mode defined for component null
2026-02-17 00:01:28,803 [WARN] ModelIntegratedComponent:63 - No mode defined for component null
2026-02-17 00:01:28,803 [WARN] ModelIntegratedComponent:63 - No mode defined for component null
2026-02-17 00:01:28,803 [WARN] ModelIntegratedComponent:63 - No mode defined for component null
2026-02-17 00:01:28,803 [WARN] ModelIntegratedComponent:63 - No mode defined for component null
2026-02-17 00:01:28,803 [WARN] ModelIntegratedComponent:63 - No mode defined for component null
2026-02-17 00:01:28,803 [WARN] ModelIntegratedComponent:63 - No mode defined for component null
2026-02-17 00:01:28,803 [WARN] ModelIntegratedComponent:63 - No mode defined for component null
2026-02-17 00:01:28,803 [WARN] ModelIntegratedComponent:63 - No mode defined for component null
2026-02-17 00:01:28,803 [WARN] ModelIntegratedComponent:63 - No mode defined for component null
2026-02-17 00:01:28,803 [WARN] ModelIntegratedComponent:63 - No mode defined for component null
2026-02-17 00:01:28,803 [WARN] ModelIntegratedComponent:63 - No mode defined for component null
2026-02-17 00:01:28,803 [WARN] ModelIntegratedComponent:63 - No mode defined for component null
2026-02-17 00:01:29,061 [INFO] RtosManager:555 - Registered RTOS mode: class=CMSIS, group=RTOS, mode=CMSIS_V1, owner=FREERTOS_M4
2026-02-17 00:01:29,061 [INFO] RtosManager:555 - Registered RTOS mode: class=CMSIS, group=RTOS2, mode=CMSIS_V2, owner=FREERTOS_M4
2026-02-17 00:01:29,061 [INFO] RtosManager:555 - Registered RTOS mode: class=RTOS, group=Core, mode=CMSIS_V1, owner=FREERTOS_M4
2026-02-17 00:01:29,061 [INFO] RtosManager:555 - Registered RTOS mode: class=RTOS, group=Core, mode=CMSIS_V2, owner=FREERTOS_M4
2026-02-17 00:01:29,061 [WARN] ModelIntegratedComponent:184 - Missing modes for component STMicroelectronics:FreeRTOS:0.0.1:STMicroelectronics:RTOS:FreeRTOS:Core:::10.2.0:
2026-02-17 00:01:29,065 [WARN] ModelIntegratedComponent:63 - No mode defined for component null
2026-02-17 00:01:29,065 [WARN] ModelIntegratedComponent:63 - No mode defined for component null
2026-02-17 00:01:29,065 [WARN] ModelIntegratedComponent:63 - No mode defined for component null
2026-02-17 00:01:29,065 [WARN] ModelIntegratedComponent:63 - No mode defined for component null
2026-02-17 00:01:29,065 [WARN] ModelIntegratedComponent:63 - No mode defined for component null
2026-02-17 00:01:29,065 [WARN] ModelIntegratedComponent:63 - No mode defined for component null
2026-02-17 00:01:29,065 [WARN] ModelIntegratedComponent:63 - No mode defined for component null
2026-02-17 00:01:29,065 [WARN] ModelIntegratedComponent:63 - No mode defined for component null
2026-02-17 00:01:29,065 [WARN] ModelIntegratedComponent:63 - No mode defined for component null
2026-02-17 00:01:29,065 [WARN] ModelIntegratedComponent:63 - No mode defined for component null
2026-02-17 00:01:29,065 [WARN] ModelIntegratedComponent:63 - No mode defined for component null
2026-02-17 00:01:29,065 [WARN] ModelIntegratedComponent:63 - No mode defined for component null
2026-02-17 00:01:29,065 [WARN] ModelIntegratedComponent:63 - No mode defined for component null
2026-02-17 00:01:29,065 [WARN] ModelIntegratedComponent:63 - No mode defined for component null
2026-02-17 00:01:29,065 [WARN] ModelIntegratedComponent:63 - No mode defined for component null
2026-02-17 00:01:29,066 [WARN] ModelIntegratedComponent:63 - No mode defined for component null
2026-02-17 00:01:29,066 [WARN] ModelIntegratedComponent:63 - No mode defined for component null
2026-02-17 00:01:29,066 [WARN] ModelIntegratedComponent:63 - No mode defined for component null
2026-02-17 00:01:29,066 [WARN] ModelIntegratedComponent:63 - No mode defined for component null
2026-02-17 00:01:29,066 [WARN] ModelIntegratedComponent:63 - No mode defined for component null
2026-02-17 00:01:29,066 [WARN] ModelIntegratedComponent:63 - No mode defined for component null
2026-02-17 00:01:29,066 [WARN] ModelIntegratedComponent:63 - No mode defined for component null
2026-02-17 00:01:29,066 [WARN] ModelIntegratedComponent:63 - No mode defined for component null
2026-02-17 00:01:29,066 [WARN] ModelIntegratedComponent:63 - No mode defined for component null
2026-02-17 00:01:29,066 [WARN] ModelIntegratedComponent:63 - No mode defined for component null
2026-02-17 00:01:29,066 [WARN] ModelIntegratedComponent:63 - No mode defined for component null
2026-02-17 00:01:29,066 [WARN] ModelIntegratedComponent:63 - No mode defined for component null
2026-02-17 00:01:29,066 [WARN] ModelIntegratedComponent:63 - No mode defined for component null
2026-02-17 00:01:29,066 [WARN] ModelIntegratedComponent:63 - No mode defined for component null
2026-02-17 00:01:29,066 [WARN] ModelIntegratedComponent:63 - No mode defined for component null
2026-02-17 00:01:29,066 [WARN] ModelIntegratedComponent:63 - No mode defined for component null
2026-02-17 00:01:29,066 [WARN] ModelIntegratedComponent:63 - No mode defined for component null
2026-02-17 00:01:29,066 [WARN] ModelIntegratedComponent:63 - No mode defined for component null
2026-02-17 00:01:29,066 [WARN] ModelIntegratedComponent:63 - No mode defined for component null
2026-02-17 00:01:29,305 [INFO] ThirdPartyModel:298 - Start build external matchings
2026-02-17 00:01:30,801 [INFO] ThirdPartyModel:316 - End build external matchings
2026-02-17 00:01:30,843 [INFO] ThirdPartyModel:298 - Start build external matchings
2026-02-17 00:01:32,277 [INFO] ThirdPartyModel:316 - End build external matchings
2026-02-17 00:01:32,657 [INFO] ApiDb:581 - Connected to CubeFinder SQLite database (C:\Users\USER\.stmcufinder\plugins\mcufinder\mcu\cube-finder-db.db)
2026-02-17 00:01:32,771 [INFO] ApiDb:668 - CubeFinder database Data Model version=2.1
2026-02-17 00:01:32,772 [INFO] ApiDb:669 - CubeFinder database Configuration version=3.0.39
2026-02-17 00:01:32,772 [INFO] ApiDb:670 - CubeFinder database generation date=2025-12-22 (1766407740)
2026-02-17 00:01:32,772 [INFO] ApiDb:671 - CubeFinder database FW Pack versions=[FP-ATR-ASTRA1_V2.0.0, FP-SNS-FLIGHT1_V5.1.0, FP-SNS-MOTENV1_V5.1.0, FP-SNS-MOTENVWB1_V1.4.0, FP-SNS-SMARTAG2_V1.2.0, FP-SNS-STBOX1_V2.1.0, STM32Cube_FW_C0_V1.4.0, STM32Cube_FW_F4_V1.28.3, STM32Cube_FW_F7_V1.17.4, STM32Cube_FW_G0_V1.6.2, STM32Cube_FW_G4_V1.6.1, STM32Cube_FW_H5_V1.5.1, STM32Cube_FW_H7RS_V1.3.0, STM32Cube_FW_H7_V1.12.1, STM32Cube_FW_L0_V1.12.2, STM32Cube_FW_L4_V1.18.1, STM32Cube_FW_L5_V1.6.0, STM32Cube_FW_N6_V1.3.0, STM32Cube_FW_U0_V1.3.0, STM32Cube_FW_U3_V1.2.1, STM32Cube_FW_U5_V1.8.0, STM32Cube_FW_WB0_V1.4.0, STM32Cube_FW_WBA_V1.8.0, STM32Cube_FW_WB_V1.24.0, STM32Cube_FW_WL3_V1.3.0, STM32Cube_FW_WL_V1.4.0, X-CUBE-ALGOBUILD_V1.4.0, X-CUBE-ALS_V1.0.2, X-CUBE-AZRTOS-F4_V1.1.0, X-CUBE-AZRTOS-F7_V1.1.0, X-CUBE-AZRTOS-G0_V1.1.0, X-CUBE-AZRTOS-G4_V2.0.0, X-CUBE-AZRTOS-H7RS_V1.1.0, X-CUBE-AZRTOS-H7_V3.4.0, X-CUBE-AZRTOS-L4_V2.0.0, X-CUBE-AZRTOS-L5_V2.0.0, X-CUBE-AZRTOS-WB_V2.0.0, X-CUBE-AZRTOS-WL_V2.0.0, X-CUBE-BLE1_V7.1.0, X-CUBE-BLE2_V3.3.0, X-CUBE-BLEMGR_V4.1.0, X-CUBE-EEPRMA1_V5.2.0, X-CUBE-FREERTOS_V1.3.1, X-CUBE-GNSS1_V6.0.0, X-CUBE-MEMS1_V12.0.0, X-CUBE-NFC4_V3.0.0, X-CUBE-NFC7_V2.0.0, X-CUBE-SFXS2LP1_V4.0.0, X-CUBE-ST67W61_V1.1.0, X-CUBE-SUBG2_V5.0.0, X-CUBE-TOF1_V3.4.3]
2026-02-17 00:01:32,898 [INFO] DbBoardsSqlite:226 - include board P-NUCLEO-WB55-NUCLEO as a kit item of type 'Nucleo-64'
2026-02-17 00:01:32,899 [INFO] DbBoardsSqlite:226 - include board P-NUCLEO-WB55-USBDONGLE as a kit item of type 'Nucleo USB Dongle'
2026-02-17 00:01:32,900 [INFO] DbBoardsSqlite:226 - include board STEVAL-IDP005V1 as a kit item of type 'Evaluation Board'
2026-02-17 00:01:32,900 [INFO] DbBoardsSqlite:226 - include board STEVAL-IDP005V2 as a kit item of type 'Evaluation Board'
2026-02-17 00:01:33,364 [INFO] ApiDb:240 - Found 483 in-development CPN: [B-G473E-ZEST1S, B-WB1M-WPAN1, B-WL5M-SUBG1, NUCLEO-C031C6, NUCLEO-H503RB, NUCLEO-H533RE, NUCLEO-H563ZI, NUCLEO-H7S3L8, NUCLEO-U031R8, NUCLEO-U083RC, NUCLEO-U545RE-Q, NUCLEO-U5A5ZJ-Q, NUCLEO-WBA52CG, NUCLEO-WBA55CG, STEVAL-PROTEUS1, STEVAL-SMARTAG2, STEVAL-STWINBX1, STM320518-EVAL, STM32C0116-DK, STM32C011D6Y3TR, STM32C011D6Y6TR, STM32C011F4P3, STM32C011F4P6, STM32C011F4U3, STM32C011F4U6TR, STM32C011F6P3, STM32C011F6P6, STM32C011F6U3, STM32C011F6U6TR, STM32C011J4M3, STM32C011J4M6, STM32C011J6M3, STM32C011J6M6, STM32C0316-DK, STM32C031C4T3, STM32C031C4T6, STM32C031C4U3, STM32C031C4U6, STM32C031C6T3, STM32C031C6T6, STM32C031C6U3, STM32C031C6U6, STM32C031F4P3, STM32C031F4P6, STM32C031F6P3, STM32C031F6P6, STM32C031G4U3, STM32C031G4U6, STM32C031G6U3, STM32C031G6U6, STM32C031K4T3, STM32C031K4T6, STM32C031K4U3, STM32C031K4U6, STM32C031K6T3, STM32C031K6T6, STM32C031K6U3, STM32C031K6U6, STM32G071K8TXN, STM32G071K8UXN, STM32G081GBU6N, STM32G081KBT6N, STM32G081KBUXN, STM32G0B1CCT6N, STM32G0B1KCT6, STM32G0B1NEY6TR, STM32G0B1RCT6N, STM32G0C1CCT6, STM32G0C1CCT6N, STM32G0C1CCU6N, STM32G0C1CET6N, STM32G0C1CEU6N, STM32G0C1KCT6, STM32G0C1NEY6TR, STM32G0C1RCI6N, STM32G0C1RCT6N, STM32G0C1REI6N, STM32G0C1RET6N, STM32G0C1VCI6, STM32G0C1VEI6, STM32G471CCT6, STM32G471CCU6, STM32G471CET3, STM32G471CET6, STM32G471CEU3, STM32G471CEU6, STM32G471MCT6, STM32G471MET3, STM32G471MET6, STM32G471MEY6TR, STM32G471QCT6, STM32G471QET3, STM32G471RCT6, STM32G471RET3, STM32G471RET6, STM32G471VCH6, STM32G471VCI6, STM32G471VCT6, STM32G471VEH3, STM32G471VEH6, STM32G471VEI3, STM32G471VEI6, STM32G471VET3, STM32G471VET6, STM32G474CCT6, STM32H503CBT6, STM32H503CBU6, STM32H503EBY6TR, STM32H503KBU6, STM32H503RBT6, STM32H523CCT6, STM32H523CCU6, STM32H523CET6, STM32H523CEU6, STM32H523HEY6TR, STM32H523RCT6, STM32H523RET6, STM32H523VCI6, STM32H523VCT6, STM32H523VEI6, STM32H523VET6, STM32H523ZCJ6, STM32H523ZCT6, STM32H523ZEJ6, STM32H523ZET6, STM32H533CET6, STM32H533CEU6, STM32H533HEY6TR, STM32H533RET6, STM32H533VEI6, STM32H533VET6, STM32H533ZEJ6, STM32H533ZET6, STM32H562AGI6, STM32H562AII6, STM32H562IGK6, STM32H562IGT6, STM32H562IIK6, STM32H562IIT6, STM32H562RGT6, STM32H562RGV6, STM32H562RIT6, STM32H562RIV6, STM32H562VGT6, STM32H562VIT6, STM32H562ZGT6, STM32H562ZIT6, STM32H563AGI6, STM32H563AII3Q, STM32H563AII6, STM32H563IGK6, STM32H563IGT6, STM32H563IIK3Q, STM32H563IIK6, STM32H563IIT3Q, STM32H563IIT6, STM32H563MIY3QTR, STM32H563RGT6, STM32H563RGV6, STM32H563RIT6, STM32H563RIV6, STM32H563VGT6, STM32H563VIT3Q, STM32H563VIT6, STM32H563ZGT6, STM32H563ZIT3Q, STM32H563ZIT6, STM32H573AII3Q, STM32H573AII6, STM32H573I-DK, STM32H573IIK3Q, STM32H573IIK6, STM32H573IIT3Q, STM32H573IIT6, STM32H573MIY3QTR, STM32H573RIT6, STM32H573RIV6, STM32H573VIT3Q, STM32H573VIT6, STM32H573ZIT3Q, STM32H573ZIT6, STM32H7R3A8I6, STM32H7R3I8K6, STM32H7R3I8T6, STM32H7R3L8H6, STM32H7R3L8H6H, STM32H7R3R8V6, STM32H7R3V8H6, STM32H7R3V8T6, STM32H7R3V8Y6, STM32H7R3Z8J6, STM32H7R3Z8T6, STM32H7R7A8I6, STM32H7R7I8K6, STM32H7R7I8T6, STM32H7R7L8H6, STM32H7R7L8H6H, STM32H7R7Z8J6, STM32H7S3A8I6, STM32H7S3I8K6, STM32H7S3I8T6, STM32H7S3L8H6, STM32H7S3L8H6H, STM32H7S3R8V6, STM32H7S3V8H6, STM32H7S3V8T6, STM32H7S3V8Y6, STM32H7S3Z8J6, STM32H7S3Z8T6, STM32H7S78-DK, STM32H7S7A8I6, STM32H7S7I8K6, STM32H7S7I8T6, STM32H7S7L8H6, STM32H7S7L8H6H, STM32H7S7Z8J6, STM32L4R5QGI6STR, STM32MP131AAE3, STM32MP131AAF3, STM32MP131AAG3, STM32MP131CAE3, STM32MP131CAF3, STM32MP131CAG3, STM32MP131DAE7, STM32MP131DAF7, STM32MP131DAG7, STM32MP131FAE7, STM32MP131FAF7, STM32MP131FAG7, STM32MP133AAE3, STM32MP133AAF3, STM32MP133AAG3, STM32MP133CAE3, STM32MP133CAF3, STM32MP133CAG3, STM32MP133DAE7, STM32MP133DAF7, STM32MP133DAG7, STM32MP133FAE7, STM32MP133FAF7, STM32MP133FAG7, STM32MP135AAE3, STM32MP135AAF3, STM32MP135AAG3, STM32MP135CAE3, STM32MP135CAF3, STM32MP135CAG3, STM32MP135DAE7, STM32MP135DAF7, STM32MP135DAG7, STM32MP135F-DK, STM32MP135FAE7, STM32MP135FAF7, STM32MP135FAF7T, STM32MP135FAF7U, STM32MP135FAG7, STM32U031C6T6, STM32U031C6U6, STM32U031C8T6, STM32U031C8U6, STM32U031F4P6, STM32U031F6P6, STM32U031F8P6, STM32U031G6Y6TR, STM32U031G8Y6TR, STM32U031K4U6, STM32U031K6U6, STM32U031K8U6, STM32U031R6I6, STM32U031R6T6, STM32U031R8I6, STM32U031R8T6, STM32U073C8T6, STM32U073C8U6, STM32U073CBT6, STM32U073CBU6, STM32U073CCT6, STM32U073CCU6, STM32U073H8Y6TR, STM32U073HBY6TR, STM32U073HCY6TR, STM32U073K8U6, STM32U073KBU6, STM32U073KCU6, STM32U073M8I6, STM32U073M8T6, STM32U073MBI6, STM32U073MBT6, STM32U073MCI6, STM32U073MCT6, STM32U073R8I6, STM32U073R8T6, STM32U073RBI6, STM32U073RBT6, STM32U073RCI6, STM32U073RCT6, STM32U083C-DK, STM32U083CCT6, STM32U083CCU6, STM32U083HCY6TR, STM32U083KCU6, STM32U083MCI6, STM32U083MCT6, STM32U083RCI6, STM32U083RCT6, STM32U535CBT6, STM32U535CBT6Q, STM32U535CBU6, STM32U535CBU6Q, STM32U535CCT6, STM32U535CCT6Q, STM32U535CCU6, STM32U535CCU6Q, STM32U535CET6, STM32U535CET6Q, STM32U535CEU6, STM32U535CEU6Q, STM32U535JEY6QTR, STM32U535NCY6QTR, STM32U535NEY6QTR, STM32U535RBI6, STM32U535RBI6Q, STM32U535RBT6, STM32U535RBT6Q, STM32U535RCI6, STM32U535RCI6Q, STM32U535RCT6, STM32U535RCT6Q, STM32U535REI6, STM32U535REI6Q, STM32U535RET6, STM32U535RET6Q, STM32U535VCI6, STM32U535VCI6Q, STM32U535VCT6, STM32U535VCT6Q, STM32U535VEI6, STM32U535VEI6Q, STM32U535VET6, STM32U535VET6Q, STM32U545CET6, STM32U545CET6Q, STM32U545CEU6, STM32U545CEU6Q, STM32U545JEY6QTR, STM32U545NEY6QTR, STM32U545REI6, STM32U545REI6Q, STM32U545RET6, STM32U545RET6Q, STM32U545VEI6, STM32U545VEI6Q, STM32U545VET6, STM32U545VET6Q, STM32U595AIH6, STM32U595AIH6Q, STM32U595AJH6, STM32U595AJH6Q, STM32U595QII6, STM32U595QII6Q, STM32U595QJI6, STM32U595QJI6Q, STM32U595RIT6, STM32U595RIT6Q, STM32U595RJT6, STM32U595RJT6Q, STM32U595VIT6, STM32U595VIT6Q, STM32U595VJT6, STM32U595VJT6Q, STM32U595ZIT6, STM32U595ZIT6Q, STM32U595ZIY6QTR, STM32U595ZJT6, STM32U595ZJT6Q, STM32U595ZJY6QTR, STM32U599BJY6QTR, STM32U599NIH6Q, STM32U599NJH6Q, STM32U599VIT6Q, STM32U599VJT6, STM32U599VJT6Q, STM32U599ZIT6Q, STM32U599ZIY6QTR, STM32U599ZJT6Q, STM32U599ZJY6QTR, STM32U5A5AJH6, STM32U5A5AJH6Q, STM32U5A5QII3Q , STM32U5A5QJI6, STM32U5A5QJI6Q, STM32U5A5RJT6, STM32U5A5RJT6Q, STM32U5A5VJT6, STM32U5A5VJT6Q, STM32U5A5ZJT6, STM32U5A5ZJT6Q, STM32U5A5ZJY6QTR, STM32U5A9BJY6QTR, STM32U5A9J-DK, STM32U5A9NJH6Q, STM32U5A9VJT6Q, STM32U5A9ZJT6Q, STM32U5A9ZJY6QTR, STM32U5F7VIT6, STM32U5F7VIT6Q, STM32U5F7VJT6, STM32U5F7VJT6Q, STM32U5F9BJY6QTR, STM32U5F9NJH6Q, STM32U5F9VIT6Q, STM32U5F9VJT6Q, STM32U5F9ZIJ6QTR, STM32U5F9ZIT6Q, STM32U5F9ZJJ6QTR, STM32U5F9ZJT6Q, STM32U5G7VJT6, STM32U5G7VJT6Q, STM32U5G9BJY6QTR, STM32U5G9J-DK1, STM32U5G9J-DK2, STM32U5G9NJH6Q, STM32U5G9VJT6Q, STM32U5G9ZJJ6QTR, STM32U5G9ZJT6Q, STM32WB1MMCH6, STM32WBA50KEU6, STM32WBA50KEU6TR, STM32WBA50KGU6, STM32WBA50KGU6TR, STM32WBA52CEU6, STM32WBA52CEU6TR, STM32WBA52CEU7, STM32WBA52CEU7TR, STM32WBA52CGU6, STM32WBA52CGU6TR, STM32WBA52CGU6U, STM32WBA52CGU7, STM32WBA52CGU7TR, STM32WBA52KEU6, STM32WBA52KEU6TR, STM32WBA52KGU6, STM32WBA52KGU6TR, STM32WBA54CEU6, STM32WBA54CEU6TR, STM32WBA54CEU7, STM32WBA54CEU7TR, STM32WBA54CGU6, STM32WBA54CGU6TR, STM32WBA54CGU7, STM32WBA54CGU7TR, STM32WBA54KEU6, STM32WBA54KEU6TR, STM32WBA54KEU7, STM32WBA54KEU7TR, STM32WBA54KGU6, STM32WBA54KGU6TR, STM32WBA54KGU7, STM32WBA54KGU7TR, STM32WBA55CEU6, STM32WBA55CEU6TR, STM32WBA55CEU7, STM32WBA55CEU7TR, STM32WBA55CGU6, STM32WBA55CGU6TR, STM32WBA55CGU6U, STM32WBA55CGU7, STM32WBA55CGU7TR, STM32WBA55G-DK1, STM32WBA55HEF6, STM32WBA55HEF7, STM32WBA55HGF6, STM32WBA55HGF7, STM32WBA55UEI6, STM32WBA55UEI6TR, STM32WBA55UEI7, STM32WBA55UEI7TR, STM32WBA55UGI6, STM32WBA55UGI6TR, STM32WBA55UGI7, STM32WBA55UGI7TR, STM32WL5MOCH6, STM32WL5MOCH6TR]
2026-02-17 00:01:33,367 [INFO] ApiDb:668 - CubeFinder database Data Model version=2.1
2026-02-17 00:01:33,367 [INFO] ApiDb:669 - CubeFinder database Configuration version=3.0.39
2026-02-17 00:01:33,367 [INFO] ApiDb:670 - CubeFinder database generation date=2025-12-22 (1766407740)
2026-02-17 00:01:33,367 [INFO] ApiDb:671 - CubeFinder database FW Pack versions=[FP-ATR-ASTRA1_V2.0.0, FP-SNS-FLIGHT1_V5.1.0, FP-SNS-MOTENV1_V5.1.0, FP-SNS-MOTENVWB1_V1.4.0, FP-SNS-SMARTAG2_V1.2.0, FP-SNS-STBOX1_V2.1.0, STM32Cube_FW_C0_V1.4.0, STM32Cube_FW_F4_V1.28.3, STM32Cube_FW_F7_V1.17.4, STM32Cube_FW_G0_V1.6.2, STM32Cube_FW_G4_V1.6.1, STM32Cube_FW_H5_V1.5.1, STM32Cube_FW_H7RS_V1.3.0, STM32Cube_FW_H7_V1.12.1, STM32Cube_FW_L0_V1.12.2, STM32Cube_FW_L4_V1.18.1, STM32Cube_FW_L5_V1.6.0, STM32Cube_FW_N6_V1.3.0, STM32Cube_FW_U0_V1.3.0, STM32Cube_FW_U3_V1.2.1, STM32Cube_FW_U5_V1.8.0, STM32Cube_FW_WB0_V1.4.0, STM32Cube_FW_WBA_V1.8.0, STM32Cube_FW_WB_V1.24.0, STM32Cube_FW_WL3_V1.3.0, STM32Cube_FW_WL_V1.4.0, X-CUBE-ALGOBUILD_V1.4.0, X-CUBE-ALS_V1.0.2, X-CUBE-AZRTOS-F4_V1.1.0, X-CUBE-AZRTOS-F7_V1.1.0, X-CUBE-AZRTOS-G0_V1.1.0, X-CUBE-AZRTOS-G4_V2.0.0, X-CUBE-AZRTOS-H7RS_V1.1.0, X-CUBE-AZRTOS-H7_V3.4.0, X-CUBE-AZRTOS-L4_V2.0.0, X-CUBE-AZRTOS-L5_V2.0.0, X-CUBE-AZRTOS-WB_V2.0.0, X-CUBE-AZRTOS-WL_V2.0.0, X-CUBE-BLE1_V7.1.0, X-CUBE-BLE2_V3.3.0, X-CUBE-BLEMGR_V4.1.0, X-CUBE-EEPRMA1_V5.2.0, X-CUBE-FREERTOS_V1.3.1, X-CUBE-GNSS1_V6.0.0, X-CUBE-MEMS1_V12.0.0, X-CUBE-NFC4_V3.0.0, X-CUBE-NFC7_V2.0.0, X-CUBE-SFXS2LP1_V4.0.0, X-CUBE-ST67W61_V1.1.0, X-CUBE-SUBG2_V5.0.0, X-CUBE-TOF1_V3.4.3]
2026-02-17 00:01:35,346 [INFO] ApiDb:240 - Found 483 in-development CPN: [B-G473E-ZEST1S, B-WB1M-WPAN1, B-WL5M-SUBG1, NUCLEO-C031C6, NUCLEO-H503RB, NUCLEO-H533RE, NUCLEO-H563ZI, NUCLEO-H7S3L8, NUCLEO-U031R8, NUCLEO-U083RC, NUCLEO-U545RE-Q, NUCLEO-U5A5ZJ-Q, NUCLEO-WBA52CG, NUCLEO-WBA55CG, STEVAL-PROTEUS1, STEVAL-SMARTAG2, STEVAL-STWINBX1, STM320518-EVAL, STM32C0116-DK, STM32C011D6Y3TR, STM32C011D6Y6TR, STM32C011F4P3, STM32C011F4P6, STM32C011F4U3, STM32C011F4U6TR, STM32C011F6P3, STM32C011F6P6, STM32C011F6U3, STM32C011F6U6TR, STM32C011J4M3, STM32C011J4M6, STM32C011J6M3, STM32C011J6M6, STM32C0316-DK, STM32C031C4T3, STM32C031C4T6, STM32C031C4U3, STM32C031C4U6, STM32C031C6T3, STM32C031C6T6, STM32C031C6U3, STM32C031C6U6, STM32C031F4P3, STM32C031F4P6, STM32C031F6P3, STM32C031F6P6, STM32C031G4U3, STM32C031G4U6, STM32C031G6U3, STM32C031G6U6, STM32C031K4T3, STM32C031K4T6, STM32C031K4U3, STM32C031K4U6, STM32C031K6T3, STM32C031K6T6, STM32C031K6U3, STM32C031K6U6, STM32G071K8TXN, STM32G071K8UXN, STM32G081GBU6N, STM32G081KBT6N, STM32G081KBUXN, STM32G0B1CCT6N, STM32G0B1KCT6, STM32G0B1NEY6TR, STM32G0B1RCT6N, STM32G0C1CCT6, STM32G0C1CCT6N, STM32G0C1CCU6N, STM32G0C1CET6N, STM32G0C1CEU6N, STM32G0C1KCT6, STM32G0C1NEY6TR, STM32G0C1RCI6N, STM32G0C1RCT6N, STM32G0C1REI6N, STM32G0C1RET6N, STM32G0C1VCI6, STM32G0C1VEI6, STM32G471CCT6, STM32G471CCU6, STM32G471CET3, STM32G471CET6, STM32G471CEU3, STM32G471CEU6, STM32G471MCT6, STM32G471MET3, STM32G471MET6, STM32G471MEY6TR, STM32G471QCT6, STM32G471QET3, STM32G471RCT6, STM32G471RET3, STM32G471RET6, STM32G471VCH6, STM32G471VCI6, STM32G471VCT6, STM32G471VEH3, STM32G471VEH6, STM32G471VEI3, STM32G471VEI6, STM32G471VET3, STM32G471VET6, STM32G474CCT6, STM32H503CBT6, STM32H503CBU6, STM32H503EBY6TR, STM32H503KBU6, STM32H503RBT6, STM32H523CCT6, STM32H523CCU6, STM32H523CET6, STM32H523CEU6, STM32H523HEY6TR, STM32H523RCT6, STM32H523RET6, STM32H523VCI6, STM32H523VCT6, STM32H523VEI6, STM32H523VET6, STM32H523ZCJ6, STM32H523ZCT6, STM32H523ZEJ6, STM32H523ZET6, STM32H533CET6, STM32H533CEU6, STM32H533HEY6TR, STM32H533RET6, STM32H533VEI6, STM32H533VET6, STM32H533ZEJ6, STM32H533ZET6, STM32H562AGI6, STM32H562AII6, STM32H562IGK6, STM32H562IGT6, STM32H562IIK6, STM32H562IIT6, STM32H562RGT6, STM32H562RGV6, STM32H562RIT6, STM32H562RIV6, STM32H562VGT6, STM32H562VIT6, STM32H562ZGT6, STM32H562ZIT6, STM32H563AGI6, STM32H563AII3Q, STM32H563AII6, STM32H563IGK6, STM32H563IGT6, STM32H563IIK3Q, STM32H563IIK6, STM32H563IIT3Q, STM32H563IIT6, STM32H563MIY3QTR, STM32H563RGT6, STM32H563RGV6, STM32H563RIT6, STM32H563RIV6, STM32H563VGT6, STM32H563VIT3Q, STM32H563VIT6, STM32H563ZGT6, STM32H563ZIT3Q, STM32H563ZIT6, STM32H573AII3Q, STM32H573AII6, STM32H573I-DK, STM32H573IIK3Q, STM32H573IIK6, STM32H573IIT3Q, STM32H573IIT6, STM32H573MIY3QTR, STM32H573RIT6, STM32H573RIV6, STM32H573VIT3Q, STM32H573VIT6, STM32H573ZIT3Q, STM32H573ZIT6, STM32H7R3A8I6, STM32H7R3I8K6, STM32H7R3I8T6, STM32H7R3L8H6, STM32H7R3L8H6H, STM32H7R3R8V6, STM32H7R3V8H6, STM32H7R3V8T6, STM32H7R3V8Y6, STM32H7R3Z8J6, STM32H7R3Z8T6, STM32H7R7A8I6, STM32H7R7I8K6, STM32H7R7I8T6, STM32H7R7L8H6, STM32H7R7L8H6H, STM32H7R7Z8J6, STM32H7S3A8I6, STM32H7S3I8K6, STM32H7S3I8T6, STM32H7S3L8H6, STM32H7S3L8H6H, STM32H7S3R8V6, STM32H7S3V8H6, STM32H7S3V8T6, STM32H7S3V8Y6, STM32H7S3Z8J6, STM32H7S3Z8T6, STM32H7S78-DK, STM32H7S7A8I6, STM32H7S7I8K6, STM32H7S7I8T6, STM32H7S7L8H6, STM32H7S7L8H6H, STM32H7S7Z8J6, STM32L4R5QGI6STR, STM32MP131AAE3, STM32MP131AAF3, STM32MP131AAG3, STM32MP131CAE3, STM32MP131CAF3, STM32MP131CAG3, STM32MP131DAE7, STM32MP131DAF7, STM32MP131DAG7, STM32MP131FAE7, STM32MP131FAF7, STM32MP131FAG7, STM32MP133AAE3, STM32MP133AAF3, STM32MP133AAG3, STM32MP133CAE3, STM32MP133CAF3, STM32MP133CAG3, STM32MP133DAE7, STM32MP133DAF7, STM32MP133DAG7, STM32MP133FAE7, STM32MP133FAF7, STM32MP133FAG7, STM32MP135AAE3, STM32MP135AAF3, STM32MP135AAG3, STM32MP135CAE3, STM32MP135CAF3, STM32MP135CAG3, STM32MP135DAE7, STM32MP135DAF7, STM32MP135DAG7, STM32MP135F-DK, STM32MP135FAE7, STM32MP135FAF7, STM32MP135FAF7T, STM32MP135FAF7U, STM32MP135FAG7, STM32U031C6T6, STM32U031C6U6, STM32U031C8T6, STM32U031C8U6, STM32U031F4P6, STM32U031F6P6, STM32U031F8P6, STM32U031G6Y6TR, STM32U031G8Y6TR, STM32U031K4U6, STM32U031K6U6, STM32U031K8U6, STM32U031R6I6, STM32U031R6T6, STM32U031R8I6, STM32U031R8T6, STM32U073C8T6, STM32U073C8U6, STM32U073CBT6, STM32U073CBU6, STM32U073CCT6, STM32U073CCU6, STM32U073H8Y6TR, STM32U073HBY6TR, STM32U073HCY6TR, STM32U073K8U6, STM32U073KBU6, STM32U073KCU6, STM32U073M8I6, STM32U073M8T6, STM32U073MBI6, STM32U073MBT6, STM32U073MCI6, STM32U073MCT6, STM32U073R8I6, STM32U073R8T6, STM32U073RBI6, STM32U073RBT6, STM32U073RCI6, STM32U073RCT6, STM32U083C-DK, STM32U083CCT6, STM32U083CCU6, STM32U083HCY6TR, STM32U083KCU6, STM32U083MCI6, STM32U083MCT6, STM32U083RCI6, STM32U083RCT6, STM32U535CBT6, STM32U535CBT6Q, STM32U535CBU6, STM32U535CBU6Q, STM32U535CCT6, STM32U535CCT6Q, STM32U535CCU6, STM32U535CCU6Q, STM32U535CET6, STM32U535CET6Q, STM32U535CEU6, STM32U535CEU6Q, STM32U535JEY6QTR, STM32U535NCY6QTR, STM32U535NEY6QTR, STM32U535RBI6, STM32U535RBI6Q, STM32U535RBT6, STM32U535RBT6Q, STM32U535RCI6, STM32U535RCI6Q, STM32U535RCT6, STM32U535RCT6Q, STM32U535REI6, STM32U535REI6Q, STM32U535RET6, STM32U535RET6Q, STM32U535VCI6, STM32U535VCI6Q, STM32U535VCT6, STM32U535VCT6Q, STM32U535VEI6, STM32U535VEI6Q, STM32U535VET6, STM32U535VET6Q, STM32U545CET6, STM32U545CET6Q, STM32U545CEU6, STM32U545CEU6Q, STM32U545JEY6QTR, STM32U545NEY6QTR, STM32U545REI6, STM32U545REI6Q, STM32U545RET6, STM32U545RET6Q, STM32U545VEI6, STM32U545VEI6Q, STM32U545VET6, STM32U545VET6Q, STM32U595AIH6, STM32U595AIH6Q, STM32U595AJH6, STM32U595AJH6Q, STM32U595QII6, STM32U595QII6Q, STM32U595QJI6, STM32U595QJI6Q, STM32U595RIT6, STM32U595RIT6Q, STM32U595RJT6, STM32U595RJT6Q, STM32U595VIT6, STM32U595VIT6Q, STM32U595VJT6, STM32U595VJT6Q, STM32U595ZIT6, STM32U595ZIT6Q, STM32U595ZIY6QTR, STM32U595ZJT6, STM32U595ZJT6Q, STM32U595ZJY6QTR, STM32U599BJY6QTR, STM32U599NIH6Q, STM32U599NJH6Q, STM32U599VIT6Q, STM32U599VJT6, STM32U599VJT6Q, STM32U599ZIT6Q, STM32U599ZIY6QTR, STM32U599ZJT6Q, STM32U599ZJY6QTR, STM32U5A5AJH6, STM32U5A5AJH6Q, STM32U5A5QII3Q , STM32U5A5QJI6, STM32U5A5QJI6Q, STM32U5A5RJT6, STM32U5A5RJT6Q, STM32U5A5VJT6, STM32U5A5VJT6Q, STM32U5A5ZJT6, STM32U5A5ZJT6Q, STM32U5A5ZJY6QTR, STM32U5A9BJY6QTR, STM32U5A9J-DK, STM32U5A9NJH6Q, STM32U5A9VJT6Q, STM32U5A9ZJT6Q, STM32U5A9ZJY6QTR, STM32U5F7VIT6, STM32U5F7VIT6Q, STM32U5F7VJT6, STM32U5F7VJT6Q, STM32U5F9BJY6QTR, STM32U5F9NJH6Q, STM32U5F9VIT6Q, STM32U5F9VJT6Q, STM32U5F9ZIJ6QTR, STM32U5F9ZIT6Q, STM32U5F9ZJJ6QTR, STM32U5F9ZJT6Q, STM32U5G7VJT6, STM32U5G7VJT6Q, STM32U5G9BJY6QTR, STM32U5G9J-DK1, STM32U5G9J-DK2, STM32U5G9NJH6Q, STM32U5G9VJT6Q, STM32U5G9ZJJ6QTR, STM32U5G9ZJT6Q, STM32WB1MMCH6, STM32WBA50KEU6, STM32WBA50KEU6TR, STM32WBA50KGU6, STM32WBA50KGU6TR, STM32WBA52CEU6, STM32WBA52CEU6TR, STM32WBA52CEU7, STM32WBA52CEU7TR, STM32WBA52CGU6, STM32WBA52CGU6TR, STM32WBA52CGU6U, STM32WBA52CGU7, STM32WBA52CGU7TR, STM32WBA52KEU6, STM32WBA52KEU6TR, STM32WBA52KGU6, STM32WBA52KGU6TR, STM32WBA54CEU6, STM32WBA54CEU6TR, STM32WBA54CEU7, STM32WBA54CEU7TR, STM32WBA54CGU6, STM32WBA54CGU6TR, STM32WBA54CGU7, STM32WBA54CGU7TR, STM32WBA54KEU6, STM32WBA54KEU6TR, STM32WBA54KEU7, STM32WBA54KEU7TR, STM32WBA54KGU6, STM32WBA54KGU6TR, STM32WBA54KGU7, STM32WBA54KGU7TR, STM32WBA55CEU6, STM32WBA55CEU6TR, STM32WBA55CEU7, STM32WBA55CEU7TR, STM32WBA55CGU6, STM32WBA55CGU6TR, STM32WBA55CGU6U, STM32WBA55CGU7, STM32WBA55CGU7TR, STM32WBA55G-DK1, STM32WBA55HEF6, STM32WBA55HEF7, STM32WBA55HGF6, STM32WBA55HGF7, STM32WBA55UEI6, STM32WBA55UEI6TR, STM32WBA55UEI7, STM32WBA55UEI7TR, STM32WBA55UGI6, STM32WBA55UGI6TR, STM32WBA55UGI7, STM32WBA55UGI7TR, STM32WL5MOCH6, STM32WL5MOCH6TR]
2026-02-17 00:01:35,350 [INFO] DbMcus:218 - Found 4816 MCUs, 4816 are supported
2026-02-17 00:01:35,351 [INFO] ApiDb:423 - Load user favorites file C:\Users\USER/.stm32cubeide/favorites.mcus.txt: 0 item(s)
2026-02-17 00:01:35,351 [INFO] ApiDb:427 - User favorites MCUs=[]
2026-02-17 00:01:35,351 [INFO] DbMcus:224 - Set 0 / 0 favorites MCUs
2026-02-17 00:01:35,676 [INFO] BoardInfo:889 - No configuration file found for board B-WBA5M-WPAN
2026-02-17 00:01:35,676 [INFO] DbBoards:161 - Board is not supported: B-WBA5M-WPAN
2026-02-17 00:01:35,679 [INFO] BoardInfo:889 - No configuration file found for board NUCLEO-C051C8
2026-02-17 00:01:35,679 [INFO] DbBoards:161 - Board is not supported: NUCLEO-C051C8
2026-02-17 00:01:35,680 [INFO] BoardInfo:889 - No configuration file found for board NUCLEO-C071RB
2026-02-17 00:01:35,681 [INFO] DbBoards:161 - Board is not supported: NUCLEO-C071RB
2026-02-17 00:01:35,681 [INFO] BoardInfo:889 - No configuration file found for board NUCLEO-C092RC
2026-02-17 00:01:35,682 [INFO] DbBoards:161 - Board is not supported: NUCLEO-C092RC
2026-02-17 00:01:35,737 [INFO] BoardInfo:889 - No configuration file found for board NUCLEO-N657X0-Q
2026-02-17 00:01:35,738 [INFO] DbBoards:161 - Board is not supported: NUCLEO-N657X0-Q
2026-02-17 00:01:35,740 [INFO] BoardInfo:889 - No configuration file found for board NUCLEO-U385RG-Q
2026-02-17 00:01:35,740 [INFO] DbBoards:161 - Board is not supported: NUCLEO-U385RG-Q
2026-02-17 00:01:35,744 [INFO] BoardInfo:889 - No configuration file found for board NUCLEO-WB05KZ
2026-02-17 00:01:35,745 [INFO] DbBoards:161 - Board is not supported: NUCLEO-WB05KZ
2026-02-17 00:01:35,745 [INFO] BoardInfo:889 - No configuration file found for board NUCLEO-WB07CC
2026-02-17 00:01:35,746 [INFO] DbBoards:161 - Board is not supported: NUCLEO-WB07CC
2026-02-17 00:01:35,746 [INFO] BoardInfo:889 - No configuration file found for board NUCLEO-WB09KE
2026-02-17 00:01:35,746 [INFO] DbBoards:161 - Board is not supported: NUCLEO-WB09KE
2026-02-17 00:01:35,750 [INFO] BoardInfo:889 - No configuration file found for board NUCLEO-WBA65RI
2026-02-17 00:01:35,751 [INFO] DbBoards:161 - Board is not supported: NUCLEO-WBA65RI
2026-02-17 00:01:35,751 [INFO] BoardInfo:889 - No configuration file found for board NUCLEO-WL33CC1
2026-02-17 00:01:35,752 [INFO] DbBoards:161 - Board is not supported: NUCLEO-WL33CC1
2026-02-17 00:01:35,752 [INFO] BoardInfo:889 - No configuration file found for board NUCLEO-WL33CC2
2026-02-17 00:01:35,753 [INFO] DbBoards:161 - Board is not supported: NUCLEO-WL33CC2
2026-02-17 00:01:35,757 [INFO] BoardInfo:889 - No configuration file found for board P-NUCLEO-WB55
2026-02-17 00:01:35,757 [INFO] DbBoards:161 - Kit is not supported: P-NUCLEO-WB55
2026-02-17 00:01:35,774 [INFO] BoardInfo:889 - No configuration file found for board STEVAL-BFA001V1B
2026-02-17 00:01:35,774 [INFO] DbBoards:161 - Kit is not supported: STEVAL-BFA001V1B
2026-02-17 00:01:35,775 [INFO] BoardInfo:889 - No configuration file found for board STEVAL-BFA001V2B
2026-02-17 00:01:35,776 [INFO] DbBoards:161 - Kit is not supported: STEVAL-BFA001V2B
2026-02-17 00:01:35,865 [INFO] BoardInfo:889 - No configuration file found for board STM32MP257F-DK
2026-02-17 00:01:35,866 [INFO] DbBoards:161 - Board is not supported: STM32MP257F-DK
2026-02-17 00:01:35,867 [INFO] BoardInfo:889 - No configuration file found for board STM32MP257F-EV1
2026-02-17 00:01:35,867 [INFO] DbBoards:161 - Board is not supported: STM32MP257F-EV1
2026-02-17 00:01:35,868 [INFO] BoardInfo:889 - No configuration file found for board STM32N6570-DK
2026-02-17 00:01:35,868 [INFO] DbBoards:161 - Board is not supported: STM32N6570-DK
2026-02-17 00:01:35,875 [INFO] BoardInfo:889 - No configuration file found for board STM32WBA65I-DK1
2026-02-17 00:01:35,876 [INFO] DbBoards:161 - Board is not supported: STM32WBA65I-DK1
2026-02-17 00:01:35,876 [INFO] DbBoards:168 - Found 211 boards, 192 are supported
2026-02-17 00:01:35,876 [INFO] DbBoards:169 - Found 211 boards, 8 of them is supported for  Bsp
2026-02-17 00:01:35,878 [INFO] ApiDb:423 - Load user favorites file C:\Users\USER/.stm32cubeide/favorites.boards.txt: 0 item(s)
2026-02-17 00:01:35,878 [INFO] ApiDb:427 - User favorites Boards=[]
2026-02-17 00:01:35,878 [INFO] DbBoards:198 - Set 0 / 0 favorites Boards
2026-02-17 00:01:35,973 [INFO] UtilMem:75 - End LoadConfig() Used Memory: 788939376 Bytes (1073741824)
2026-02-17 00:01:36,170 [WARN] ThirdParty:833 - waiting for thirdparty lock release [change project]
2026-02-17 00:01:36,170 [INFO] ThirdParty:835 - entering critical section [change project]
2026-02-17 00:01:36,170 [INFO] ThirdParty:1030 - CMSIS Pack Vendor :STMicroelectronics X-CUBE-PM33A1 1.0.0
2026-02-17 00:01:36,170 [INFO] ThirdParty:1030 - CMSIS Pack Vendor :STMicroelectronics USBPD 4.1
2026-02-17 00:01:36,170 [INFO] ThirdParty:1030 - CMSIS Pack Vendor :STMicroelectronics X-CUBE-GNSS1 6.0.0
2026-02-17 00:01:36,170 [INFO] ThirdParty:1030 - CMSIS Pack Vendor :STMicroelectronics USB_HOST 2.0.0
2026-02-17 00:01:36,170 [INFO] ThirdParty:1030 - CMSIS Pack Vendor :STMicroelectronics FP-SNS-MOTENVWB1 1.4.0
2026-02-17 00:01:36,170 [INFO] ThirdParty:1030 - CMSIS Pack Vendor :STMicroelectronics X-CUBE-AZRTOS-F4 1.1.0
2026-02-17 00:01:36,170 [INFO] ThirdParty:1030 - CMSIS Pack Vendor :STMicroelectronics LIBJPEG 8.0.0
2026-02-17 00:01:36,170 [INFO] ThirdParty:1030 - CMSIS Pack Vendor :STMicroelectronics FP-ATR-ASTRA1 2.0.2
2026-02-17 00:01:36,170 [INFO] ThirdParty:1030 - CMSIS Pack Vendor :STMicroelectronics FP-ATR-ASTRA1 2.0.1
2026-02-17 00:01:36,170 [INFO] ThirdParty:1030 - CMSIS Pack Vendor :STMicroelectronics X-CUBE-SMBUS 2.1.0
2026-02-17 00:01:36,170 [INFO] ThirdParty:1030 - CMSIS Pack Vendor :STMicroelectronics X-CUBE-WB05N 1.1.0
2026-02-17 00:01:36,170 [INFO] ThirdParty:1030 - CMSIS Pack Vendor :STMicroelectronics X-CUBE-ISPU 2.1.0
2026-02-17 00:01:36,170 [INFO] ThirdParty:1030 - CMSIS Pack Vendor :STMicroelectronics X-CUBE-FREERTOS 1.2.0
2026-02-17 00:01:36,170 [INFO] ThirdParty:1030 - CMSIS Pack Vendor :STMicroelectronics X-CUBE-NFC12 1.0.0
2026-02-17 00:01:36,170 [INFO] ThirdParty:1030 - CMSIS Pack Vendor :STMicroelectronics X-CUBE-TOUCHGFX 4.23.2
2026-02-17 00:01:36,170 [INFO] ThirdParty:1030 - CMSIS Pack Vendor :STMicroelectronics X-CUBE-AZRTOS-F7 1.1.0
2026-02-17 00:01:36,170 [INFO] ThirdParty:1030 - CMSIS Pack Vendor :STMicroelectronics X-CUBE-AZRTOS-L5 2.0.0
2026-02-17 00:01:36,170 [INFO] ThirdParty:1030 - CMSIS Pack Vendor :STMicroelectronics USB_DEVICE 2.0.0
2026-02-17 00:01:36,170 [INFO] ThirdParty:1030 - CMSIS Pack Vendor :STMicroelectronics X-CUBE-NFC6 3.1.0
2026-02-17 00:01:36,170 [INFO] ThirdParty:1030 - CMSIS Pack Vendor :STMicroelectronics X-CUBE-MEMS1 11.0.0
2026-02-17 00:01:36,170 [INFO] ThirdParty:1030 - CMSIS Pack Vendor :STMicroelectronics FreeRTOS 0.0.1
2026-02-17 00:01:36,170 [INFO] ThirdParty:1030 - CMSIS Pack Vendor :STMicroelectronics X-CUBE-DPower 1.2.0
2026-02-17 00:01:36,171 [INFO] ThirdParty:1030 - CMSIS Pack Vendor :STMicroelectronics FP-SNS-FLIGHT1 5.0.2
2026-02-17 00:01:36,171 [INFO] ThirdParty:1030 - CMSIS Pack Vendor :STMicroelectronics X-CUBE-AI 9.0.0
2026-02-17 00:01:36,171 [INFO] ThirdParty:1030 - CMSIS Pack Vendor :STMicroelectronics PDM2PCM 3.3.0
2026-02-17 00:01:36,171 [INFO] ThirdParty:1030 - CMSIS Pack Vendor :STMicroelectronics X-CUBE-AZRTOS-H7 3.4.0
2026-02-17 00:01:36,171 [INFO] ThirdParty:1030 - CMSIS Pack Vendor :STMicroelectronics X-CUBE-DISPLAY 3.0.0
2026-02-17 00:01:36,171 [INFO] ThirdParty:1030 - CMSIS Pack Vendor :STMicroelectronics X-CUBE-BLE1 7.0.0
2026-02-17 00:01:36,171 [INFO] ThirdParty:1030 - CMSIS Pack Vendor :STMicroelectronics X-CUBE-NFC10 1.0.0
2026-02-17 00:01:36,171 [INFO] ThirdParty:1030 - CMSIS Pack Vendor :STMicroelectronics X-CUBE-BLEMGR 4.0.0
2026-02-17 00:01:36,171 [INFO] ThirdParty:1030 - CMSIS Pack Vendor :STMicroelectronics X-CUBE-FREERTOS 1.3.1
2026-02-17 00:01:36,171 [INFO] ThirdParty:1030 - CMSIS Pack Vendor :STMicroelectronics HAL Drivers 0.0.0
2026-02-17 00:01:36,171 [INFO] ThirdParty:1030 - CMSIS Pack Vendor :emotas I-CUBE-CANOPEN 1.3.0
2026-02-17 00:01:36,171 [INFO] ThirdParty:1030 - CMSIS Pack Vendor :STMicroelectronics X-CUBE-FREERTOS 1.3.0
2026-02-17 00:01:36,171 [INFO] ThirdParty:1030 - CMSIS Pack Vendor :STMicroelectronics X-CUBE-NFC7 1.0.1
2026-02-17 00:01:36,171 [INFO] ThirdParty:1030 - CMSIS Pack Vendor :STMicroelectronics MBEDTLS 2.14.1
2026-02-17 00:01:36,171 [INFO] ThirdParty:1030 - CMSIS Pack Vendor :STMicroelectronics X-CUBE-GNSS1 7.1.0
2026-02-17 00:01:36,171 [INFO] ThirdParty:1030 - CMSIS Pack Vendor :STMicroelectronics X-CUBE-TOUCHGFX 4.26.0
2026-02-17 00:01:36,171 [INFO] ThirdParty:1030 - CMSIS Pack Vendor :STMicroelectronics X-CUBE-BLEMGR 3.1.0
2026-02-17 00:01:36,171 [INFO] ThirdParty:1030 - CMSIS Pack Vendor :STMicroelectronics X-CUBE-AI 10.0.0
2026-02-17 00:01:36,171 [INFO] ThirdParty:1030 - CMSIS Pack Vendor :STMicroelectronics FP-SNS-SMARTAG2 1.2.0
2026-02-17 00:01:36,171 [INFO] ThirdParty:1030 - CMSIS Pack Vendor :STMicroelectronics X-CUBE-MEMS1 11.1.0
2026-02-17 00:01:36,171 [INFO] ThirdParty:1030 - CMSIS Pack Vendor :STMicroelectronics X-CUBE-AZRTOS-WL 2.0.0
2026-02-17 00:01:36,171 [INFO] ThirdParty:1030 - CMSIS Pack Vendor :STMicroelectronics X-CUBE-DPower 1.3.0
2026-02-17 00:01:36,171 [INFO] ThirdParty:1030 - CMSIS Pack Vendor :STMicroelectronics FP-SNS-MOTENV1 5.0.0
2026-02-17 00:01:36,171 [INFO] ThirdParty:1030 - CMSIS Pack Vendor :STMicroelectronics USB_DEVICE 1.0.0
2026-02-17 00:01:36,171 [INFO] ThirdParty:1030 - CMSIS Pack Vendor :STMicroelectronics X-CUBE-AZRTOS-H7RS 1.2.0
2026-02-17 00:01:36,171 [INFO] ThirdParty:1030 - CMSIS Pack Vendor :wolfSSL I-CUBE-wolfMQTT 1.19.0
2026-02-17 00:01:36,171 [INFO] ThirdParty:1030 - CMSIS Pack Vendor :STMicroelectronics X-CUBE-AZRTOS-L4 2.0.0
2026-02-17 00:01:36,171 [INFO] ThirdParty:1030 - CMSIS Pack Vendor :STMicroelectronics ThreadX 0.0.2
2026-02-17 00:01:36,171 [INFO] ThirdParty:1030 - CMSIS Pack Vendor :WES I-CUBE-Cesium 1.3.0
2026-02-17 00:01:36,171 [INFO] ThirdParty:1030 - CMSIS Pack Vendor :STMicroelectronics lwIP 2.1.2
2026-02-17 00:01:36,171 [INFO] ThirdParty:1030 - CMSIS Pack Vendor :STMicroelectronics X-CUBE-SFXS2LP1 4.0.0
2026-02-17 00:01:36,171 [INFO] ThirdParty:1030 - CMSIS Pack Vendor :STMicroelectronics X-CUBE-BLE2 3.3.0
2026-02-17 00:01:36,171 [INFO] ThirdParty:1030 - CMSIS Pack Vendor :STMicroelectronics PDM2PCM 3.2.0
2026-02-17 00:01:36,171 [INFO] ThirdParty:1030 - CMSIS Pack Vendor :STMicroelectronics X-CUBE-AZRTOS-H7 3.3.0
2026-02-17 00:01:36,171 [INFO] ThirdParty:1030 - CMSIS Pack Vendor :STMicroelectronics X-CUBE-NFC9 1.0.0
2026-02-17 00:01:36,171 [INFO] ThirdParty:1030 - CMSIS Pack Vendor :STMicroelectronics X-CUBE-BLE1 7.1.0
2026-02-17 00:01:36,171 [INFO] ThirdParty:1030 - CMSIS Pack Vendor :STMicroelectronics USB_DEVICE 3.0.0
2026-02-17 00:01:36,171 [INFO] ThirdParty:1030 - CMSIS Pack Vendor :STMicroelectronics X-CUBE-TCPP 4.1.0
2026-02-17 00:01:36,171 [INFO] ThirdParty:1030 - CMSIS Pack Vendor :STMicroelectronics X-CUBE-EEPRMA1 5.2.0
2026-02-17 00:01:36,171 [INFO] ThirdParty:1030 - CMSIS Pack Vendor :STMicroelectronics X-CUBE-IPS 3.0.0
2026-02-17 00:01:36,171 [INFO] ThirdParty:1030 - CMSIS Pack Vendor :STMicroelectronics X-CUBE-AZRTOS-WB 2.0.0
2026-02-17 00:01:36,171 [INFO] ThirdParty:1030 - CMSIS Pack Vendor :STMicroelectronics X-CUBE-GNSS1 7.0.0
2026-02-17 00:01:36,171 [INFO] ThirdParty:1030 - CMSIS Pack Vendor :STMicroelectronics X-CUBE-GNSS1 7.0.1
2026-02-17 00:01:36,171 [INFO] ThirdParty:1030 - CMSIS Pack Vendor :STMicroelectronics X-CUBE-TOUCHGFX 4.25.0
2026-02-17 00:01:36,171 [INFO] ThirdParty:1030 - CMSIS Pack Vendor :STMicroelectronics FP-SNS-STBOX1 2.0.0
2026-02-17 00:01:36,171 [INFO] ThirdParty:1030 - CMSIS Pack Vendor :STMicroelectronics X-CUBE-MEMS1 12.0.0
2026-02-17 00:01:36,171 [INFO] ThirdParty:1030 - CMSIS Pack Vendor :STMicroelectronics X-CUBE-ALGOBUILD 1.3.0
2026-02-17 00:01:36,171 [INFO] ThirdParty:1030 - CMSIS Pack Vendor :STMicroelectronics X-CUBE-STSE01 2.0.0
2026-02-17 00:01:36,171 [INFO] ThirdParty:1030 - CMSIS Pack Vendor :STMicroelectronics X-CUBE-MEMS1 11.2.0
2026-02-17 00:01:36,172 [INFO] ThirdParty:1030 - CMSIS Pack Vendor :STMicroelectronics X-CUBE-AZRTOS-G0 1.1.0
2026-02-17 00:01:36,172 [INFO] ThirdParty:1030 - CMSIS Pack Vendor :STMicroelectronics X-CUBE-SAFEA1 1.2.2
2026-02-17 00:01:36,172 [INFO] ThirdParty:1030 - CMSIS Pack Vendor :STMicroelectronics X-CUBE-NFC4 3.0.0
2026-02-17 00:01:36,172 [INFO] ThirdParty:1030 - CMSIS Pack Vendor :STMicroelectronics X-CUBE-SUBG2 5.0.0
2026-02-17 00:01:36,172 [INFO] ThirdParty:1030 - CMSIS Pack Vendor :STMicroelectronics X-CUBE-AZRTOS-H7RS 1.1.0
2026-02-17 00:01:36,172 [INFO] ThirdParty:1030 - CMSIS Pack Vendor :STMicroelectronics STM32_WPAN 1.0.0
2026-02-17 00:01:36,172 [INFO] ThirdParty:1030 - CMSIS Pack Vendor :EmbeddedOffice I-CUBE-FS-RTOS 1.0.1
2026-02-17 00:01:36,172 [INFO] ThirdParty:1030 - CMSIS Pack Vendor :STMicroelectronics lwIP 2.0.3
2026-02-17 00:01:36,172 [INFO] ThirdParty:1030 - CMSIS Pack Vendor :Cesanta I-CUBE-Mongoose 7.13.0
2026-02-17 00:01:36,172 [INFO] ThirdParty:1030 - CMSIS Pack Vendor :STMicroelectronics USB_HOST 1.0.0
2026-02-17 00:01:36,172 [INFO] ThirdParty:1030 - CMSIS Pack Vendor :STMicroelectronics X-CUBE-AZRTOS-G4 2.0.0
2026-02-17 00:01:36,172 [INFO] ThirdParty:1030 - CMSIS Pack Vendor :STMicroelectronics X-CUBE-WB05N 2.0.0
2026-02-17 00:01:36,172 [INFO] ThirdParty:1030 - CMSIS Pack Vendor :STMicroelectronics PDM2PCM 3.1.0
2026-02-17 00:01:36,172 [INFO] ThirdParty:1030 - CMSIS Pack Vendor :STMicroelectronics X-CUBE-NFC7 2.0.0
2026-02-17 00:01:36,172 [INFO] ThirdParty:1030 - CMSIS Pack Vendor :RealThread X-CUBE-RT-Thread_Nano 4.1.1
2026-02-17 00:01:36,172 [INFO] ThirdParty:1030 - CMSIS Pack Vendor :wolfSSL I-CUBE-wolfSSL 5.7.0
2026-02-17 00:01:36,172 [INFO] ThirdParty:1030 - CMSIS Pack Vendor :STMicroelectronics FP-ATR-SIGFOX1 3.2.0
2026-02-17 00:01:36,172 [INFO] ThirdParty:1030 - CMSIS Pack Vendor :quantropi X-CUBE-qispace-sdk-base 1.9.3
2026-02-17 00:01:36,172 [INFO] ThirdParty:1030 - CMSIS Pack Vendor :STMicroelectronics X-CUBE-ISPU 2.0.0
2026-02-17 00:01:36,172 [INFO] ThirdParty:1030 - CMSIS Pack Vendor :STMicroelectronics X-CUBE-EEPRMA1 5.1.0
2026-02-17 00:01:36,172 [INFO] ThirdParty:1030 - CMSIS Pack Vendor :STMicroelectronics MBEDTLS 2.16.2
2026-02-17 00:01:36,172 [INFO] ThirdParty:1030 - CMSIS Pack Vendor :STMicroelectronics X-CUBE-ALS 1.0.2
2026-02-17 00:01:36,172 [INFO] ThirdParty:1030 - CMSIS Pack Vendor :STMicroelectronics X-CUBE-MEMS1 10.0.0
2026-02-17 00:01:36,172 [INFO] ThirdParty:1030 - CMSIS Pack Vendor :STMicroelectronics X-CUBE-FREERTOS 1.1.0
2026-02-17 00:01:36,172 [INFO] ThirdParty:1030 - CMSIS Pack Vendor :ITTIA_DB I-CUBE-ITTIADB 8.9.0
2026-02-17 00:01:36,172 [INFO] ThirdParty:1030 - CMSIS Pack Vendor :STMicroelectronics X-CUBE-TOUCHGFX 4.24.2
2026-02-17 00:01:36,172 [INFO] ThirdParty:1030 - CMSIS Pack Vendor :STMicroelectronics X-CUBE-TOUCHGFX 4.24.1
2026-02-17 00:01:36,172 [INFO] ThirdParty:1030 - CMSIS Pack Vendor :STMicroelectronics X-CUBE-STSE01 1.0.0
2026-02-17 00:01:36,172 [INFO] ThirdParty:1030 - CMSIS Pack Vendor :wolfSSL I-CUBE-wolfTPM 3.4.0
2026-02-17 00:01:36,172 [INFO] ThirdParty:1030 - CMSIS Pack Vendor :portGmbH I-Cube-SoM-uGOAL 1.1.0
2026-02-17 00:01:36,172 [INFO] ThirdParty:1030 - CMSIS Pack Vendor :STMicroelectronics X-CUBE-ALS 1.0.1
2026-02-17 00:01:36,172 [INFO] ThirdParty:1030 - CMSIS Pack Vendor :STMicroelectronics X-CUBE-NFC6 3.2.0
2026-02-17 00:01:36,172 [INFO] ThirdParty:1030 - CMSIS Pack Vendor :STMicroelectronics X-CUBE-AI 10.2.0
2026-02-17 00:01:36,172 [INFO] ThirdParty:1030 - CMSIS Pack Vendor :STMicroelectronics ThreadX 1.0.0
2026-02-17 00:01:36,172 [INFO] ThirdParty:1030 - CMSIS Pack Vendor :SEGGER I-CUBE-embOS 1.3.1
2026-02-17 00:01:36,172 [INFO] ThirdParty:1030 - CMSIS Pack Vendor :STMicroelectronics X-CUBE-ALGOBUILD 1.4.0
2026-02-17 00:01:36,172 [INFO] ThirdParty:1030 - CMSIS Pack Vendor :STMicroelectronics X-CUBE-AZRTOS-H7RS 1.0.0
2026-02-17 00:01:36,172 [INFO] ThirdParty:1030 - CMSIS Pack Vendor :STMicroelectronics FP-ATR-ASTRA1 2.0.0
2026-02-17 00:01:36,172 [INFO] ThirdParty:1030 - CMSIS Pack Vendor :STMicroelectronics X-CUBE-TOF1 3.4.2
2026-02-17 00:01:36,172 [INFO] ThirdParty:1030 - CMSIS Pack Vendor :STMicroelectronics X-CUBE-AI 9.1.0
2026-02-17 00:01:36,172 [INFO] ThirdParty:1030 - CMSIS Pack Vendor :STMicroelectronics X-CUBE-TOF1 3.4.1
2026-02-17 00:01:36,172 [INFO] ThirdParty:1030 - CMSIS Pack Vendor :STMicroelectronics X-CUBE-AZRTOS-H7 3.2.0
2026-02-17 00:01:36,172 [INFO] ThirdParty:1030 - CMSIS Pack Vendor :Infineon AIROC-Wi-Fi-Bluetooth-STM32 1.6.0
2026-02-17 00:01:36,172 [INFO] ThirdParty:1030 - CMSIS Pack Vendor :wolfSSL I-CUBE-wolfSSH 1.4.17
2026-02-17 00:01:36,173 [INFO] ThirdParty:841 - exiting critical section [change project]
2026-02-17 00:01:37,088 [INFO] PinOutPanel:1561 - setPackage(No Configuration,No Configuration)
2026-02-17 00:01:37,090 [INFO] PinOutPanel:1561 - setPackage(STM32H755ZITx,LQFP144)
2026-02-17 00:01:38,223 [INFO] UtilMem:75 - Before build in PCC Used Memory: 798955656 Bytes (1073741824)
2026-02-17 00:01:40,235 [INFO] UtilMem:75 - After build in PCC Used Memory: 862245504 Bytes (1073741824)
2026-02-17 00:01:40,301 [INFO] ApiDbMcu:508 - Load IP Config File for FATFS
2026-02-17 00:01:40,356 [INFO] IPUIPlugin:80 - create IPUIPlugin
2026-02-17 00:01:40,356 [INFO] IPUIPlugin:80 - create IPUIPlugin
2026-02-17 00:01:40,356 [INFO] IPUIPlugin:80 - create IPUIPlugin
2026-02-17 00:01:40,356 [INFO] IPUIPlugin:80 - create IPUIPlugin
2026-02-17 00:01:40,356 [INFO] IPUIPlugin:80 - create IPUIPlugin
2026-02-17 00:01:40,356 [INFO] IPUIPlugin:80 - create IPUIPlugin
2026-02-17 00:01:40,356 [INFO] IPUIPlugin:80 - create IPUIPlugin
2026-02-17 00:01:40,356 [INFO] IPUIPlugin:80 - create IPUIPlugin
2026-02-17 00:01:40,356 [INFO] IPUIPlugin:80 - create IPUIPlugin
2026-02-17 00:01:40,357 [INFO] IPUIPlugin:80 - create IPUIPlugin
2026-02-17 00:01:40,357 [INFO] IPUIPlugin:80 - create IPUIPlugin
2026-02-17 00:01:40,357 [INFO] IPUIPlugin:80 - create IPUIPlugin
2026-02-17 00:01:40,357 [INFO] IPUIPlugin:80 - create IPUIPlugin
2026-02-17 00:01:40,357 [INFO] IPUIPlugin:80 - create IPUIPlugin
2026-02-17 00:01:40,357 [INFO] IPUIPlugin:80 - create IPUIPlugin
2026-02-17 00:01:40,357 [INFO] IPUIPlugin:80 - create IPUIPlugin
2026-02-17 00:01:40,357 [INFO] IPUIPlugin:80 - create IPUIPlugin
2026-02-17 00:01:40,357 [INFO] IPUIPlugin:80 - create IPUIPlugin
2026-02-17 00:01:40,357 [INFO] IPUIPlugin:80 - create IPUIPlugin
2026-02-17 00:01:40,357 [INFO] IPUIPlugin:80 - create IPUIPlugin
2026-02-17 00:01:40,357 [INFO] IPUIPlugin:80 - create IPUIPlugin
2026-02-17 00:01:40,357 [INFO] IPUIPlugin:80 - create IPUIPlugin
2026-02-17 00:01:40,357 [INFO] IPUIPlugin:80 - create IPUIPlugin
2026-02-17 00:01:40,358 [INFO] IPUIPlugin:80 - create IPUIPlugin
2026-02-17 00:01:40,358 [INFO] IPUIPlugin:80 - create IPUIPlugin
2026-02-17 00:01:40,358 [INFO] IPUIPlugin:80 - create IPUIPlugin
2026-02-17 00:01:40,358 [INFO] IPUIPlugin:80 - create IPUIPlugin
2026-02-17 00:01:40,358 [INFO] IPUIPlugin:80 - create IPUIPlugin
2026-02-17 00:01:40,358 [INFO] IPUIPlugin:80 - create IPUIPlugin
2026-02-17 00:01:40,358 [INFO] IPUIPlugin:80 - create IPUIPlugin
2026-02-17 00:01:40,358 [INFO] IPUIPlugin:80 - create IPUIPlugin
2026-02-17 00:01:40,358 [INFO] IPUIPlugin:80 - create IPUIPlugin
2026-02-17 00:01:40,358 [INFO] IPUIPlugin:80 - create IPUIPlugin
2026-02-17 00:01:40,359 [INFO] IPUIPlugin:80 - create IPUIPlugin
2026-02-17 00:01:40,359 [INFO] IPUIPlugin:80 - create IPUIPlugin
2026-02-17 00:01:40,359 [INFO] IPUIPlugin:80 - create IPUIPlugin
2026-02-17 00:01:40,359 [INFO] IPUIPlugin:80 - create IPUIPlugin
2026-02-17 00:01:40,359 [INFO] IPUIPlugin:80 - create IPUIPlugin
2026-02-17 00:01:40,360 [INFO] IPUIPlugin:80 - create IPUIPlugin
2026-02-17 00:01:40,360 [INFO] IPUIPlugin:80 - create IPUIPlugin
2026-02-17 00:01:40,361 [INFO] IPUIPlugin:80 - create IPUIPlugin
2026-02-17 00:01:40,361 [INFO] IPUIPlugin:80 - create IPUIPlugin
2026-02-17 00:01:40,361 [INFO] IPUIPlugin:80 - create IPUIPlugin
2026-02-17 00:01:40,362 [INFO] IPUIPlugin:80 - create IPUIPlugin
2026-02-17 00:01:40,362 [INFO] IPUIPlugin:80 - create IPUIPlugin
2026-02-17 00:01:40,362 [INFO] IPUIPlugin:80 - create IPUIPlugin
2026-02-17 00:01:40,362 [INFO] IPUIPlugin:80 - create IPUIPlugin
2026-02-17 00:01:40,363 [INFO] IPUIPlugin:80 - create IPUIPlugin
2026-02-17 00:01:40,363 [INFO] IPUIPlugin:80 - create IPUIPlugin
2026-02-17 00:01:40,363 [INFO] IPUIPlugin:80 - create IPUIPlugin
2026-02-17 00:01:40,363 [INFO] IPUIPlugin:80 - create IPUIPlugin
2026-02-17 00:01:40,363 [INFO] IPUIPlugin:80 - create IPUIPlugin
2026-02-17 00:01:40,364 [INFO] IPUIPlugin:80 - create IPUIPlugin
2026-02-17 00:01:40,364 [INFO] IPUIPlugin:80 - create IPUIPlugin
2026-02-17 00:01:40,364 [INFO] IPUIPlugin:80 - create IPUIPlugin
2026-02-17 00:01:40,364 [INFO] IPUIPlugin:80 - create IPUIPlugin
2026-02-17 00:01:40,364 [INFO] IPUIPlugin:80 - create IPUIPlugin
2026-02-17 00:01:40,364 [INFO] IPUIPlugin:80 - create IPUIPlugin
2026-02-17 00:01:40,365 [INFO] IPUIPlugin:80 - create IPUIPlugin
2026-02-17 00:01:40,365 [INFO] IPUIPlugin:80 - create IPUIPlugin
2026-02-17 00:01:40,365 [INFO] IPUIPlugin:80 - create IPUIPlugin
2026-02-17 00:01:40,365 [INFO] IPUIPlugin:80 - create IPUIPlugin
2026-02-17 00:01:40,366 [INFO] IPUIPlugin:80 - create IPUIPlugin
2026-02-17 00:01:40,366 [INFO] IPUIPlugin:80 - create IPUIPlugin
2026-02-17 00:01:40,366 [INFO] IPUIPlugin:80 - create IPUIPlugin
2026-02-17 00:01:40,366 [INFO] IPUIPlugin:80 - create IPUIPlugin
2026-02-17 00:01:40,366 [INFO] IPUIPlugin:80 - create IPUIPlugin
2026-02-17 00:01:40,367 [INFO] IPUIPlugin:80 - create IPUIPlugin
2026-02-17 00:01:40,367 [INFO] IPUIPlugin:80 - create IPUIPlugin
2026-02-17 00:01:40,367 [INFO] IPUIPlugin:80 - create IPUIPlugin
2026-02-17 00:01:40,367 [INFO] IPUIPlugin:80 - create IPUIPlugin
2026-02-17 00:01:40,368 [INFO] IPUIPlugin:80 - create IPUIPlugin
2026-02-17 00:01:40,368 [INFO] IPUIPlugin:80 - create IPUIPlugin
2026-02-17 00:01:40,368 [INFO] IPUIPlugin:80 - create IPUIPlugin
2026-02-17 00:01:40,368 [INFO] IPUIPlugin:80 - create IPUIPlugin
2026-02-17 00:01:40,369 [INFO] IPUIPlugin:80 - create IPUIPlugin
2026-02-17 00:01:40,369 [INFO] IPUIPlugin:80 - create IPUIPlugin
2026-02-17 00:01:40,369 [INFO] IPUIPlugin:80 - create IPUIPlugin
2026-02-17 00:01:40,369 [INFO] IPUIPlugin:80 - create IPUIPlugin
2026-02-17 00:01:40,370 [INFO] IPUIPlugin:80 - create IPUIPlugin
2026-02-17 00:01:40,370 [INFO] IPUIPlugin:80 - create IPUIPlugin
2026-02-17 00:01:40,370 [INFO] IPUIPlugin:80 - create IPUIPlugin
2026-02-17 00:01:40,370 [INFO] IPUIPlugin:80 - create IPUIPlugin
2026-02-17 00:01:40,371 [INFO] IPUIPlugin:80 - create IPUIPlugin
2026-02-17 00:01:40,371 [INFO] IPUIPlugin:80 - create IPUIPlugin
2026-02-17 00:01:40,371 [INFO] IPUIPlugin:80 - create IPUIPlugin
2026-02-17 00:01:40,371 [INFO] IPUIPlugin:80 - create IPUIPlugin
2026-02-17 00:01:40,372 [INFO] IPUIPlugin:80 - create IPUIPlugin
2026-02-17 00:01:40,372 [INFO] IPUIPlugin:80 - create IPUIPlugin
2026-02-17 00:01:40,372 [INFO] IPUIPlugin:80 - create IPUIPlugin
2026-02-17 00:01:40,372 [INFO] IPUIPlugin:80 - create IPUIPlugin
2026-02-17 00:01:40,373 [INFO] IPUIPlugin:80 - create IPUIPlugin
2026-02-17 00:01:40,373 [INFO] IPUIPlugin:80 - create IPUIPlugin
2026-02-17 00:01:40,373 [INFO] IPUIPlugin:80 - create IPUIPlugin
2026-02-17 00:01:40,373 [INFO] IPUIPlugin:80 - create IPUIPlugin
2026-02-17 00:01:40,374 [INFO] IPUIPlugin:80 - create IPUIPlugin
2026-02-17 00:01:40,374 [INFO] IPUIPlugin:80 - create IPUIPlugin
2026-02-17 00:01:40,374 [INFO] IPUIPlugin:80 - create IPUIPlugin
2026-02-17 00:01:40,375 [INFO] IPUIPlugin:80 - create IPUIPlugin
2026-02-17 00:01:40,375 [INFO] IPUIPlugin:80 - create IPUIPlugin
2026-02-17 00:01:40,375 [INFO] IPUIPlugin:80 - create IPUIPlugin
2026-02-17 00:01:40,376 [INFO] IPUIPlugin:80 - create IPUIPlugin
2026-02-17 00:01:40,376 [INFO] IPUIPlugin:80 - create IPUIPlugin
2026-02-17 00:01:40,376 [INFO] IPUIPlugin:80 - create IPUIPlugin
2026-02-17 00:01:40,377 [INFO] IPUIPlugin:80 - create IPUIPlugin
2026-02-17 00:01:40,377 [INFO] IPUIPlugin:80 - create IPUIPlugin
2026-02-17 00:01:40,378 [INFO] IPUIPlugin:80 - create IPUIPlugin
2026-02-17 00:01:40,379 [INFO] IPUIPlugin:80 - create IPUIPlugin
2026-02-17 00:01:40,379 [INFO] IPUIPlugin:80 - create IPUIPlugin
2026-02-17 00:01:40,380 [INFO] IPUIPlugin:80 - create IPUIPlugin
2026-02-17 00:01:40,380 [INFO] IPUIPlugin:80 - create IPUIPlugin
2026-02-17 00:01:40,381 [INFO] IPUIPlugin:80 - create IPUIPlugin
2026-02-17 00:01:40,381 [INFO] IPUIPlugin:80 - create IPUIPlugin
2026-02-17 00:01:40,459 [INFO] ApiDbMcu:508 - Load IP Config File for PDM2PCM
2026-02-17 00:01:40,509 [INFO] ApiDbMcu:508 - Load IP Config File for PDM2PCM
2026-02-17 00:01:40,870 [INFO] CADModel:165 - CPN selected for project levelSTM32H755ZIT6
2026-02-17 00:01:40,870 [INFO] CADModel:114 - Register for checkConnection events
2026-02-17 00:01:40,924 [INFO] OpenFileManager:343 - Restore cursor
2026-02-17 00:02:56,957 [WARN] IP:2120 - ClockDivider not found: check if there is a RefParameter without a condition.
2026-02-17 00:02:56,957 [WARN] IP:2120 - ClockDividerCCU not found: check if there is a RefParameter without a condition.
2026-02-17 00:02:56,957 [WARN] IP:2120 - MinOscClkPeriodsCCU not found: check if there is a RefParameter without a condition.
2026-02-17 00:02:56,957 [WARN] IP:2120 - TimeQuantaPerBitTimeCCU not found: check if there is a RefParameter without a condition.
2026-02-17 00:02:56,957 [WARN] IP:2120 - WatchdogStartValueCCU not found: check if there is a RefParameter without a condition.
